<?xml version="1.0" encoding="UTF-8"?>
<testng-results skipped="0" failed="0" ignored="0" total="4" passed="4">
  <reporter-output>
  </reporter-output>
  <suite name="Suite" duration-ms="68" started-at="2020-05-04T11:22:39 IST" finished-at="2020-05-04T11:22:39 IST">
    <groups>
    </groups>
    <test name="Test" duration-ms="68" started-at="2020-05-04T11:22:39 IST" finished-at="2020-05-04T11:22:39 IST">
      <class name="qaclickacademy.RESTAPITest">
        <test-method status="PASS" signature="deleteTwitter()[pri:0, instance:qaclickacademy.RESTAPITest@6b09bb57]" name="deleteTwitter" duration-ms="0" started-at="2020-05-04T11:22:39 IST" finished-at="2020-05-04T11:22:39 IST">
          <reporter-output>
          </reporter-output>
        </test-method> <!-- deleteTwitter -->
        <test-method status="PASS" signature="postJira()[pri:0, instance:qaclickacademy.RESTAPITest@6b09bb57]" name="postJira" duration-ms="1" started-at="2020-05-04T11:22:39 IST" finished-at="2020-05-04T11:22:39 IST">
          <reporter-output>
          </reporter-output>
        </test-method> <!-- postJira -->
      </class> <!-- qaclickacademy.RESTAPITest -->
      <class name="qaclickacademy.SeleniumTest">
        <test-method status="PASS" signature="BrowserAutomation()[pri:0, instance:qaclickacademy.SeleniumTest@63753b6d]" name="BrowserAutomation" duration-ms="8" started-at="2020-05-04T11:22:39 IST" finished-at="2020-05-04T11:22:39 IST">
          <reporter-output>
          </reporter-output>
        </test-method> <!-- BrowserAutomation -->
        <test-method status="PASS" signature="ElemetUI()[pri:0, instance:qaclickacademy.SeleniumTest@63753b6d]" name="ElemetUI" duration-ms="0" started-at="2020-05-04T11:22:39 IST" finished-at="2020-05-04T11:22:39 IST">
          <reporter-output>
          </reporter-output>
        </test-method> <!-- ElemetUI -->
      </class> <!-- qaclickacademy.SeleniumTest -->
    </test> <!-- Test -->
  </suite> <!-- Suite -->
</testng-results>
