<?xml version="1.0" encoding="UTF-8"?>
<testng-results skipped="0" failed="0" ignored="0" total="2" passed="2">
  <reporter-output>
  </reporter-output>
  <suite name="Default suite" duration-ms="82" started-at="2020-05-03T11:24:36 IST" finished-at="2020-05-03T11:24:36 IST">
    <groups>
    </groups>
    <test name="Default test" duration-ms="82" started-at="2020-05-03T11:24:36 IST" finished-at="2020-05-03T11:24:36 IST">
      <class name="qaclickacademy.Seleniumtest">
        <test-method status="PASS" signature="BrowserAutomation()[pri:0, instance:qaclickacademy.Seleniumtest@11438d26]" name="BrowserAutomation" duration-ms="16" started-at="2020-05-03T11:24:36 IST" finished-at="2020-05-03T11:24:36 IST">
          <reporter-output>
          </reporter-output>
        </test-method> <!-- BrowserAutomation -->
        <test-method status="PASS" signature="ElemetUI()[pri:0, instance:qaclickacademy.Seleniumtest@11438d26]" name="ElemetUI" duration-ms="2" started-at="2020-05-03T11:24:36 IST" finished-at="2020-05-03T11:24:36 IST">
          <reporter-output>
          </reporter-output>
        </test-method> <!-- ElemetUI -->
      </class> <!-- qaclickacademy.Seleniumtest -->
    </test> <!-- Default test -->
  </suite> <!-- Default suite -->
</testng-results>
